#
# There is insufficient memory for the Java Runtime Environment to continue.
# Native memory allocation (mmap) failed to map 27262976 bytes for Failed to commit area from 0x0000000089000000 to 0x000000008aa00000 of length 27262976.
# Possible reasons:
#   The system is out of physical RAM or swap space
#   The process is running with CompressedOops enabled, and the Java Heap may be blocking the growth of the native heap
# Possible solutions:
#   Reduce memory load on the system
#   Increase physical memory or swap space
#   Check if swap backing store is full
#   Decrease Java heap size (-Xmx/-Xms)
#   Decrease number of Java threads
#   Decrease Java thread stack sizes (-Xss)
#   Set larger code cache with -XX:ReservedCodeCacheSize=
#   JVM is running with Unscaled Compressed Oops mode in which the Java heap is
#     placed in the first 4GB address space. The Java Heap base address is the
#     maximum limit for the native heap growth. Please use -XX:HeapBaseMinAddress
#     to set the Java Heap base and to place the Java Heap above 4GB virtual address.
# This output file may be truncated or incomplete.
#
#  Out of Memory Error (t:/workspace/open/src/hotspot/os/windows/os_windows.cpp:3254), pid=8064, tid=12740
#
# JRE version: Java(TM) SE Runtime Environment (12.0+33) (build 12+33)
# Java VM: Java HotSpot(TM) 64-Bit Server VM (12+33, mixed mode, sharing, tiered, compressed oops, g1 gc, windows-amd64)
# No core dump will be written. Minidumps are not enabled by default on client versions of Windows
#

---------------  S U M M A R Y ------------

Command Line: -Dfile.encoding=UTF-8 com.employee.PayPayBackendApplication

Host: Intel(R) Core(TM) i5-4210U CPU @ 1.70GHz, 4 cores, 7G,  Windows 10 , 64 bit Build 19041 (10.0.19041.292)
Time: Fri Oct  2 17:24:31 2020 India Standard Time elapsed time: 3 seconds (0d 0h 0m 3s)

---------------  T H R E A D  ---------------

Current thread (0x00000221a539e000):  VMThread "VM Thread" [stack: 0x000000edc2300000,0x000000edc2400000] [id=12740]

Stack: [0x000000edc2300000,0x000000edc2400000]
[error occurred during error reporting (printing stack bounds), id 0xc0000005, EXCEPTION_ACCESS_VIOLATION (0xc0000005) at pc=0x000002218f330bad]

Native frames: (J=compiled Java code, j=interpreted, Vv=VM code, C=native code)
V  [jvm.dll+0x63948a]
V  [jvm.dll+0x78b31f]
V  [jvm.dll+0x78c9c1]
V  [jvm.dll+0x78cf75]
V  [jvm.dll+0x78cf2b]
V  [jvm.dll+0x638b84]
V  [jvm.dll+0x638f58]
C  [ntdll.dll+0xa111f]
C  [ntdll.dll+0x4b474]
C  [ntdll.dll+0x9fc4e]
C  0x000002218f330bad

VM_Operation (0x000000edc24f7b60): CollectForMetadataAllocation, mode: safepoint, requested by thread 0x0000022186f46800


---------------  P R O C E S S  ---------------

Threads class SMR info:
_java_thread_list=0x00000221a692a470, length=11, elements={
0x0000022186f46800, 0x00000221a53a0800, 0x00000221a53a8800, 0x00000221a53c1000,
0x00000221a53c3000, 0x00000221a53c8800, 0x00000221a53cc000, 0x00000221a53e8000,
0x00000221a690d000, 0x00000221a6911000, 0x00000221a6cfc800
}

Java Threads: ( => current thread )
  0x0000022186f46800 JavaThread "main" [_thread_blocked, id=5472, stack(0x000000edc2400000,0x000000edc2500000)]
  0x00000221a53a0800 JavaThread "Reference Handler" daemon [_thread_blocked, id=2616, stack(0x000000edc2b00000,0x000000edc2c00000)]
  0x00000221a53a8800 JavaThread "Finalizer" daemon [_thread_blocked, id=13996, stack(0x000000edc2c00000,0x000000edc2d00000)]
  0x00000221a53c1000 JavaThread "Signal Dispatcher" daemon [_thread_blocked, id=416, stack(0x000000edc2d00000,0x000000edc2e00000)]
  0x00000221a53c3000 JavaThread "Attach Listener" daemon [_thread_blocked, id=13712, stack(0x000000edc2e00000,0x000000edc2f00000)]
  0x00000221a53c8800 JavaThread "C2 CompilerThread0" daemon [_thread_blocked, id=14236, stack(0x000000edc2f00000,0x000000edc3000000)]
  0x00000221a53cc000 JavaThread "C1 CompilerThread0" daemon [_thread_blocked, id=8332, stack(0x000000edc3000000,0x000000edc3100000)]
  0x00000221a53e8000 JavaThread "Sweeper thread" daemon [_thread_blocked, id=13844, stack(0x000000edc3100000,0x000000edc3200000)]
  0x00000221a690d000 JavaThread "Service Thread" daemon [_thread_blocked, id=9740, stack(0x000000edc3200000,0x000000edc3300000)]
  0x00000221a6911000 JavaThread "Common-Cleaner" daemon [_thread_blocked, id=7384, stack(0x000000edc3400000,0x000000edc3500000)]
  0x00000221a6cfc800 JavaThread "C2 CompilerThread1" daemon [_thread_blocked, id=11436, stack(0x000000edc3500000,0x000000edc3600000)]

Other Threads:
=>0x00000221a539e000 VMThread "VM Thread" [stack: 0x000000edc2300000,0x000000edc2400000] [id=12740]
  0x00000221a691a800 WatcherThread [stack: 0x000000edc3300000,0x000000edc3400000] [id=2660]
  0x0000022186f8a800 GCTaskThread "GC Thread#0" [stack: 0x000000edc2600000,0x000000edc2700000] [id=12916]
  0x00000221a6f09800 GCTaskThread "GC Thread#1" [stack: 0x000000edc3600000,0x000000edc3700000] [id=14148]
  0x00000221a715c000 GCTaskThread "GC Thread#2" [stack: 0x000000edc3700000,0x000000edc3800000] [id=5592]
  0x00000221a7725000 GCTaskThread "GC Thread#3" [stack: 0x000000edc3900000,0x000000edc3a00000] [id=11852]
  0x0000022186f9a800 ConcurrentGCThread "G1 Main Marker" [stack: 0x000000edc2700000,0x000000edc2800000] [id=14024]
  0x0000022186f9c800 ConcurrentGCThread "G1 Conc#0" [stack: 0x000000edc2800000,0x000000edc2900000] [id=7712]
  0x00000221a521a800 ConcurrentGCThread "G1 Refine#0" [stack: 0x000000edc2900000,0x000000edc2a00000] [id=7048]
  0x00000221a521d000 ConcurrentGCThread "G1 Young RemSet Sampling" [stack: 0x000000edc2a00000,0x000000edc2b00000] [id=11432]

Threads with active compile tasks:
C2 CompilerThread0  2857       4       org.springframework.beans.factory.support.AbstractBeanFactory::isFactoryBean (65 bytes)
C2 CompilerThread1  2855       4       org.springframework.beans.factory.support.AbstractAutowireCapableBeanFactory::predictBeanType (138 bytes)

VM state:at safepoint (normal execution)

VM Mutex/Monitor currently owned by a thread:  ([mutex/lock_event])
[0x0000022186f42830] Threads_lock - owner thread: 0x00000221a539e000
[0x0000022186f425f0] Heap_lock - owner thread: 0x0000022186f46800

Heap address: 0x0000000081000000, size: 2032 MB, Compressed Oops mode: 32-bit
Narrow klass base: 0x0000000800000000, Narrow klass shift: 3
Compressed class space size: 1073741824 Address: 0x00000008011a0000

Heap:
 garbage-first heap   total 157696K, used 11171K [0x0000000081000000, 0x0000000100000000)
  region size 1024K, 6 young (6144K), 6 survivors (6144K)
 Metaspace       used 20375K, capacity 21124K, committed 21248K, reserved 1067008K
  class space    used 2528K, capacity 2799K, committed 2816K, reserved 1048576K
Heap Regions: E=young(eden), S=young(survivor), O=old, HS=humongous(starts), HC=humongous(continues), CS=collection set, F=free, A=archive, TAMS=top-at-mark-start (previous, next)
|   0|0x0000000081000000, 0x0000000081100000, 0x0000000081100000|100%|HS|  |TAMS 0x0000000081000000, 0x0000000081100000| Complete 
|   1|0x0000000081100000, 0x0000000081200000, 0x0000000081200000|100%| O|  |TAMS 0x0000000081100000, 0x0000000081200000| Untracked 
|   2|0x0000000081200000, 0x0000000081300000, 0x0000000081300000|100%| O|  |TAMS 0x0000000081200000, 0x0000000081300000| Untracked 
|   3|0x0000000081300000, 0x0000000081400000, 0x0000000081400000|100%| O|  |TAMS 0x0000000081300000, 0x0000000081400000| Untracked 
|   4|0x0000000081400000, 0x0000000081500000, 0x0000000081500000|100%| O|  |TAMS 0x0000000081400000, 0x0000000081500000| Untracked 
|   5|0x0000000081500000, 0x0000000081578000, 0x0000000081600000| 46%| O|  |TAMS 0x0000000081500000, 0x0000000081578000| Untracked 
|   6|0x0000000081600000, 0x0000000081600000, 0x0000000081700000|  0%| F|  |TAMS 0x0000000081600000, 0x0000000081600000| Untracked 
|   7|0x0000000081700000, 0x0000000081700000, 0x0000000081800000|  0%| F|  |TAMS 0x0000000081700000, 0x0000000081700000| Untracked 
|   8|0x0000000081800000, 0x0000000081800000, 0x0000000081900000|  0%| F|  |TAMS 0x0000000081800000, 0x0000000081800000| Untracked 
|   9|0x0000000081900000, 0x0000000081900000, 0x0000000081a00000|  0%| F|  |TAMS 0x0000000081900000, 0x0000000081900000| Untracked 
|  10|0x0000000081a00000, 0x0000000081a00000, 0x0000000081b00000|  0%| F|  |TAMS 0x0000000081a00000, 0x0000000081a00000| Untracked 
|  11|0x0000000081b00000, 0x0000000081b00000, 0x0000000081c00000|  0%| F|  |TAMS 0x0000000081b00000, 0x0000000081b00000| Untracked 
|  12|0x0000000081c00000, 0x0000000081c00000, 0x0000000081d00000|  0%| F|  |TAMS 0x0000000081c00000, 0x0000000081c00000| Untracked 
|  13|0x0000000081d00000, 0x0000000081d00000, 0x0000000081e00000|  0%| F|  |TAMS 0x0000000081d00000, 0x0000000081d00000| Untracked 
|  14|0x0000000081e00000, 0x0000000081e00000, 0x0000000081f00000|  0%| F|  |TAMS 0x0000000081e00000, 0x0000000081e00000| Untracked 
|  15|0x0000000081f00000, 0x0000000081f00000, 0x0000000082000000|  0%| F|  |TAMS 0x0000000081f00000, 0x0000000081f00000| Untracked 
|  16|0x0000000082000000, 0x0000000082000000, 0x0000000082100000|  0%| F|  |TAMS 0x0000000082000000, 0x0000000082000000| Untracked 
|  17|0x0000000082100000, 0x0000000082100000, 0x0000000082200000|  0%| F|  |TAMS 0x0000000082100000, 0x0000000082100000| Untracked 
|  18|0x0000000082200000, 0x0000000082200000, 0x0000000082300000|  0%| F|  |TAMS 0x0000000082200000, 0x0000000082200000| Untracked 
|  19|0x0000000082300000, 0x0000000082300000, 0x0000000082400000|  0%| F|  |TAMS 0x0000000082300000, 0x0000000082300000| Untracked 
|  20|0x0000000082400000, 0x0000000082400000, 0x0000000082500000|  0%| F|  |TAMS 0x0000000082400000, 0x0000000082400000| Untracked 
|  21|0x0000000082500000, 0x0000000082500000, 0x0000000082600000|  0%| F|  |TAMS 0x0000000082500000, 0x0000000082500000| Untracked 
|  22|0x0000000082600000, 0x0000000082600000, 0x0000000082700000|  0%| F|  |TAMS 0x0000000082600000, 0x0000000082600000| Untracked 
|  23|0x0000000082700000, 0x0000000082700000, 0x0000000082800000|  0%| F|  |TAMS 0x0000000082700000, 0x0000000082700000| Untracked 
|  24|0x0000000082800000, 0x0000000082800000, 0x0000000082900000|  0%| F|  |TAMS 0x0000000082800000, 0x0000000082800000| Untracked 
|  25|0x0000000082900000, 0x0000000082900000, 0x0000000082a00000|  0%| F|  |TAMS 0x0000000082900000, 0x0000000082900000| Untracked 
|  26|0x0000000082a00000, 0x0000000082a00000, 0x0000000082b00000|  0%| F|  |TAMS 0x0000000082a00000, 0x0000000082a00000| Untracked 
|  27|0x0000000082b00000, 0x0000000082b00000, 0x0000000082c00000|  0%| F|  |TAMS 0x0000000082b00000, 0x0000000082b00000| Untracked 
|  28|0x0000000082c00000, 0x0000000082c00000, 0x0000000082d00000|  0%| F|  |TAMS 0x0000000082c00000, 0x0000000082c00000| Untracked 
|  29|0x0000000082d00000, 0x0000000082d00000, 0x0000000082e00000|  0%| F|  |TAMS 0x0000000082d00000, 0x0000000082d00000| Untracked 
|  30|0x0000000082e00000, 0x0000000082e00000, 0x0000000082f00000|  0%| F|  |TAMS 0x0000000082e00000, 0x0000000082e00000| Untracked 
|  31|0x0000000082f00000, 0x0000000082f00000, 0x0000000083000000|  0%| F|  |TAMS 0x0000000082f00000, 0x0000000082f00000| Untracked 
|  32|0x0000000083000000, 0x0000000083000000, 0x0000000083100000|  0%| F|  |TAMS 0x0000000083000000, 0x0000000083000000| Untracked 
|  33|0x0000000083100000, 0x0000000083100000, 0x0000000083200000|  0%| F|  |TAMS 0x0000000083100000, 0x0000000083100000| Untracked 
|  34|0x0000000083200000, 0x0000000083200000, 0x0000000083300000|  0%| F|  |TAMS 0x0000000083200000, 0x0000000083200000| Untracked 
|  35|0x0000000083300000, 0x0000000083300000, 0x0000000083400000|  0%| F|  |TAMS 0x0000000083300000, 0x0000000083300000| Untracked 
|  36|0x0000000083400000, 0x0000000083400000, 0x0000000083500000|  0%| F|  |TAMS 0x0000000083400000, 0x0000000083400000| Untracked 
|  37|0x0000000083500000, 0x0000000083500000, 0x0000000083600000|  0%| F|  |TAMS 0x0000000083500000, 0x0000000083500000| Untracked 
|  38|0x0000000083600000, 0x0000000083600000, 0x0000000083700000|  0%| F|  |TAMS 0x0000000083600000, 0x0000000083600000| Untracked 
|  39|0x0000000083700000, 0x0000000083700000, 0x0000000083800000|  0%| F|  |TAMS 0x0000000083700000, 0x0000000083700000| Untracked 
|  40|0x0000000083800000, 0x0000000083800000, 0x0000000083900000|  0%| F|  |TAMS 0x0000000083800000, 0x0000000083800000| Untracked 
|  41|0x0000000083900000, 0x0000000083900000, 0x0000000083a00000|  0%| F|  |TAMS 0x0000000083900000, 0x0000000083900000| Untracked 
|  42|0x0000000083a00000, 0x0000000083a00000, 0x0000000083b00000|  0%| F|  |TAMS 0x0000000083a00000, 0x0000000083a00000| Untracked 
|  43|0x0000000083b00000, 0x0000000083b00000, 0x0000000083c00000|  0%| F|  |TAMS 0x0000000083b00000, 0x0000000083b00000| Untracked 
|  44|0x0000000083c00000, 0x0000000083c00000, 0x0000000083d00000|  0%| F|  |TAMS 0x0000000083c00000, 0x0000000083c00000| Untracked 
|  45|0x0000000083d00000, 0x0000000083d00000, 0x0000000083e00000|  0%| F|  |TAMS 0x0000000083d00000, 0x0000000083d00000| Untracked 
|  46|0x0000000083e00000, 0x0000000083e00000, 0x0000000083f00000|  0%| F|  |TAMS 0x0000000083e00000, 0x0000000083e00000| Untracked 
|  47|0x0000000083f00000, 0x0000000083f00000, 0x0000000084000000|  0%| F|  |TAMS 0x0000000083f00000, 0x0000000083f00000| Untracked 
|  48|0x0000000084000000, 0x0000000084000000, 0x0000000084100000|  0%| F|  |TAMS 0x0000000084000000, 0x0000000084000000| Untracked 
|  49|0x0000000084100000, 0x0000000084100000, 0x0000000084200000|  0%| F|  |TAMS 0x0000000084100000, 0x0000000084100000| Untracked 
|  50|0x0000000084200000, 0x0000000084200000, 0x0000000084300000|  0%| F|  |TAMS 0x0000000084200000, 0x0000000084200000| Untracked 
|  51|0x0000000084300000, 0x0000000084300000, 0x0000000084400000|  0%| F|  |TAMS 0x0000000084300000, 0x0000000084300000| Untracked 
|  52|0x0000000084400000, 0x0000000084400000, 0x0000000084500000|  0%| F|  |TAMS 0x0000000084400000, 0x0000000084400000| Untracked 
|  53|0x0000000084500000, 0x0000000084500000, 0x0000000084600000|  0%| F|  |TAMS 0x0000000084500000, 0x0000000084500000| Untracked 
|  54|0x0000000084600000, 0x0000000084600000, 0x0000000084700000|  0%| F|  |TAMS 0x0000000084600000, 0x0000000084600000| Untracked 
|  55|0x0000000084700000, 0x0000000084700000, 0x0000000084800000|  0%| F|  |TAMS 0x0000000084700000, 0x0000000084700000| Untracked 
|  56|0x0000000084800000, 0x0000000084800000, 0x0000000084900000|  0%| F|  |TAMS 0x0000000084800000, 0x0000000084800000| Untracked 
|  57|0x0000000084900000, 0x0000000084900000, 0x0000000084a00000|  0%| F|  |TAMS 0x0000000084900000, 0x0000000084900000| Untracked 
|  58|0x0000000084a00000, 0x0000000084a00000, 0x0000000084b00000|  0%| F|  |TAMS 0x0000000084a00000, 0x0000000084a00000| Untracked 
|  59|0x0000000084b00000, 0x0000000084b00000, 0x0000000084c00000|  0%| F|  |TAMS 0x0000000084b00000, 0x0000000084b00000| Untracked 
|  60|0x0000000084c00000, 0x0000000084c00000, 0x0000000084d00000|  0%| F|  |TAMS 0x0000000084c00000, 0x0000000084c00000| Untracked 
|  61|0x0000000084d00000, 0x0000000084d00000, 0x0000000084e00000|  0%| F|  |TAMS 0x0000000084d00000, 0x0000000084d00000| Untracked 
|  62|0x0000000084e00000, 0x0000000084e00000, 0x0000000084f00000|  0%| F|  |TAMS 0x0000000084e00000, 0x0000000084e00000| Untracked 
|  63|0x0000000084f00000, 0x0000000084f00000, 0x0000000085000000|  0%| F|  |TAMS 0x0000000084f00000, 0x0000000084f00000| Untracked 
|  64|0x0000000085000000, 0x0000000085000000, 0x0000000085100000|  0%| F|  |TAMS 0x0000000085000000, 0x0000000085000000| Untracked 
|  65|0x0000000085100000, 0x0000000085100000, 0x0000000085200000|  0%| F|  |TAMS 0x0000000085100000, 0x0000000085100000| Untracked 
|  66|0x0000000085200000, 0x0000000085200000, 0x0000000085300000|  0%| F|  |TAMS 0x0000000085200000, 0x0000000085200000| Untracked 
|  67|0x0000000085300000, 0x0000000085300000, 0x0000000085400000|  0%| F|  |TAMS 0x0000000085300000, 0x0000000085300000| Untracked 
|  68|0x0000000085400000, 0x0000000085400000, 0x0000000085500000|  0%| F|  |TAMS 0x0000000085400000, 0x0000000085400000| Untracked 
|  69|0x0000000085500000, 0x0000000085500000, 0x0000000085600000|  0%| F|  |TAMS 0x0000000085500000, 0x0000000085500000| Untracked 
|  70|0x0000000085600000, 0x0000000085600000, 0x0000000085700000|  0%| F|  |TAMS 0x0000000085600000, 0x0000000085600000| Untracked 
|  71|0x0000000085700000, 0x0000000085700000, 0x0000000085800000|  0%| F|  |TAMS 0x0000000085700000, 0x0000000085700000| Untracked 
|  72|0x0000000085800000, 0x0000000085800000, 0x0000000085900000|  0%| F|  |TAMS 0x0000000085800000, 0x0000000085800000| Untracked 
|  73|0x0000000085900000, 0x0000000085900000, 0x0000000085a00000|  0%| F|  |TAMS 0x0000000085900000, 0x0000000085900000| Untracked 
|  74|0x0000000085a00000, 0x0000000085a00000, 0x0000000085b00000|  0%| F|  |TAMS 0x0000000085a00000, 0x0000000085a00000| Untracked 
|  75|0x0000000085b00000, 0x0000000085b00000, 0x0000000085c00000|  0%| F|  |TAMS 0x0000000085b00000, 0x0000000085b00000| Untracked 
|  76|0x0000000085c00000, 0x0000000085c00000, 0x0000000085d00000|  0%| F|  |TAMS 0x0000000085c00000, 0x0000000085c00000| Untracked 
|  77|0x0000000085d00000, 0x0000000085d00000, 0x0000000085e00000|  0%| F|  |TAMS 0x0000000085d00000, 0x0000000085d00000| Untracked 
|  78|0x0000000085e00000, 0x0000000085e00000, 0x0000000085f00000|  0%| F|  |TAMS 0x0000000085e00000, 0x0000000085e00000| Untracked 
|  79|0x0000000085f00000, 0x0000000085f00000, 0x0000000086000000|  0%| F|  |TAMS 0x0000000085f00000, 0x0000000085f00000| Untracked 
|  80|0x0000000086000000, 0x0000000086000000, 0x0000000086100000|  0%| F|  |TAMS 0x0000000086000000, 0x0000000086000000| Untracked 
|  81|0x0000000086100000, 0x0000000086100000, 0x0000000086200000|  0%| F|  |TAMS 0x0000000086100000, 0x0000000086100000| Untracked 
|  82|0x0000000086200000, 0x0000000086200000, 0x0000000086300000|  0%| F|  |TAMS 0x0000000086200000, 0x0000000086200000| Untracked 
|  83|0x0000000086300000, 0x0000000086300000, 0x0000000086400000|  0%| F|  |TAMS 0x0000000086300000, 0x0000000086300000| Untracked 
|  84|0x0000000086400000, 0x0000000086400000, 0x0000000086500000|  0%| F|  |TAMS 0x0000000086400000, 0x0000000086400000| Untracked 
|  85|0x0000000086500000, 0x0000000086500000, 0x0000000086600000|  0%| F|  |TAMS 0x0000000086500000, 0x0000000086500000| Untracked 
|  86|0x0000000086600000, 0x0000000086600000, 0x0000000086700000|  0%| F|  |TAMS 0x0000000086600000, 0x0000000086600000| Untracked 
|  87|0x0000000086700000, 0x0000000086700000, 0x0000000086800000|  0%| F|  |TAMS 0x0000000086700000, 0x0000000086700000| Untracked 
|  88|0x0000000086800000, 0x0000000086800000, 0x0000000086900000|  0%| F|  |TAMS 0x0000000086800000, 0x0000000086800000| Untracked 
|  89|0x0000000086900000, 0x0000000086900000, 0x0000000086a00000|  0%| F|  |TAMS 0x0000000086900000, 0x0000000086900000| Untracked 
|  90|0x0000000086a00000, 0x0000000086a00000, 0x0000000086b00000|  0%| F|  |TAMS 0x0000000086a00000, 0x0000000086a00000| Untracked 
|  91|0x0000000086b00000, 0x0000000086b00000, 0x0000000086c00000|  0%| F|  |TAMS 0x0000000086b00000, 0x0000000086b00000| Untracked 
|  92|0x0000000086c00000, 0x0000000086c00000, 0x0000000086d00000|  0%| F|  |TAMS 0x0000000086c00000, 0x0000000086c00000| Untracked 
|  93|0x0000000086d00000, 0x0000000086d00000, 0x0000000086e00000|  0%| F|  |TAMS 0x0000000086d00000, 0x0000000086d00000| Untracked 
|  94|0x0000000086e00000, 0x0000000086e00000, 0x0000000086f00000|  0%| F|  |TAMS 0x0000000086e00000, 0x0000000086e00000| Untracked 
|  95|0x0000000086f00000, 0x0000000086f00000, 0x0000000087000000|  0%| F|  |TAMS 0x0000000086f00000, 0x0000000086f00000| Untracked 
|  96|0x0000000087000000, 0x0000000087070de0, 0x0000000087100000| 44%| S|CS|TAMS 0x0000000087000000, 0x0000000087000000| Complete 
|  97|0x0000000087100000, 0x0000000087200000, 0x0000000087200000|100%| S|CS|TAMS 0x0000000087100000, 0x0000000087100000| Complete 
|  98|0x0000000087200000, 0x0000000087300000, 0x0000000087300000|100%| S|CS|TAMS 0x0000000087200000, 0x0000000087200000| Complete 
|  99|0x0000000087300000, 0x0000000087400000, 0x0000000087400000|100%| S|CS|TAMS 0x0000000087300000, 0x0000000087300000| Complete 
| 100|0x0000000087400000, 0x0000000087500000, 0x0000000087500000|100%| S|CS|TAMS 0x0000000087400000, 0x0000000087400000| Complete 
| 101|0x0000000087500000, 0x0000000087600000, 0x0000000087600000|100%| S|CS|TAMS 0x0000000087500000, 0x0000000087500000| Complete 
| 102|0x0000000087600000, 0x0000000087600000, 0x0000000087700000|  0%| F|  |TAMS 0x0000000087600000, 0x0000000087600000| Untracked 
| 103|0x0000000087700000, 0x0000000087700000, 0x0000000087800000|  0%| F|  |TAMS 0x0000000087700000, 0x0000000087700000| Untracked 
| 104|0x0000000087800000, 0x0000000087800000, 0x0000000087900000|  0%| F|  |TAMS 0x0000000087800000, 0x0000000087800000| Untracked 
| 105|0x0000000087900000, 0x0000000087900000, 0x0000000087a00000|  0%| F|  |TAMS 0x0000000087900000, 0x0000000087900000| Untracked 
| 106|0x0000000087a00000, 0x0000000087a00000, 0x0000000087b00000|  0%| F|  |TAMS 0x0000000087a00000, 0x0000000087a00000| Untracked 
| 107|0x0000000087b00000, 0x0000000087b00000, 0x0000000087c00000|  0%| F|  |TAMS 0x0000000087b00000, 0x0000000087b00000| Untracked 
| 108|0x0000000087c00000, 0x0000000087c00000, 0x0000000087d00000|  0%| F|  |TAMS 0x0000000087c00000, 0x0000000087c00000| Untracked 
| 109|0x0000000087d00000, 0x0000000087d00000, 0x0000000087e00000|  0%| F|  |TAMS 0x0000000087d00000, 0x0000000087d00000| Untracked 
| 110|0x0000000087e00000, 0x0000000087e00000, 0x0000000087f00000|  0%| F|  |TAMS 0x0000000087e00000, 0x0000000087e00000| Untracked 
| 111|0x0000000087f00000, 0x0000000087f00000, 0x0000000088000000|  0%| F|  |TAMS 0x0000000087f00000, 0x0000000087f00000| Untracked 
| 112|0x0000000088000000, 0x0000000088000000, 0x0000000088100000|  0%| F|  |TAMS 0x0000000088000000, 0x0000000088000000| Untracked 
| 113|0x0000000088100000, 0x0000000088100000, 0x0000000088200000|  0%| F|  |TAMS 0x0000000088100000, 0x0000000088100000| Untracked 
| 114|0x0000000088200000, 0x0000000088200000, 0x0000000088300000|  0%| F|  |TAMS 0x0000000088200000, 0x0000000088200000| Untracked 
| 115|0x0000000088300000, 0x0000000088300000, 0x0000000088400000|  0%| F|  |TAMS 0x0000000088300000, 0x0000000088300000| Untracked 
| 116|0x0000000088400000, 0x0000000088400000, 0x0000000088500000|  0%| F|  |TAMS 0x0000000088400000, 0x0000000088400000| Untracked 
| 117|0x0000000088500000, 0x0000000088500000, 0x0000000088600000|  0%| F|  |TAMS 0x0000000088500000, 0x0000000088500000| Untracked 
| 118|0x0000000088600000, 0x0000000088600000, 0x0000000088700000|  0%| F|  |TAMS 0x0000000088600000, 0x0000000088600000| Untracked 
| 119|0x0000000088700000, 0x0000000088700000, 0x0000000088800000|  0%| F|  |TAMS 0x0000000088700000, 0x0000000088700000| Untracked 
| 120|0x0000000088800000, 0x0000000088800000, 0x0000000088900000|  0%| F|  |TAMS 0x0000000088800000, 0x0000000088800000| Untracked 
| 121|0x0000000088900000, 0x0000000088900000, 0x0000000088a00000|  0%| F|  |TAMS 0x0000000088900000, 0x0000000088900000| Untracked 
| 122|0x0000000088a00000, 0x0000000088a00000, 0x0000000088b00000|  0%| F|  |TAMS 0x0000000088a00000, 0x0000000088a00000| Untracked 
| 123|0x0000000088b00000, 0x0000000088b00000, 0x0000000088c00000|  0%| F|  |TAMS 0x0000000088b00000, 0x0000000088b00000| Untracked 
| 124|0x0000000088c00000, 0x0000000088c00000, 0x0000000088d00000|  0%| F|  |TAMS 0x0000000088c00000, 0x0000000088c00000| Untracked 
| 125|0x0000000088d00000, 0x0000000088d00000, 0x0000000088e00000|  0%| F|  |TAMS 0x0000000088d00000, 0x0000000088d00000| Untracked 
| 126|0x0000000088e00000, 0x0000000088e00000, 0x0000000088f00000|  0%| F|  |TAMS 0x0000000088e00000, 0x0000000088e00000| Untracked 
| 127|0x0000000088f00000, 0x0000000088f00000, 0x0000000089000000|  0%| F|  |TAMS 0x0000000088f00000, 0x0000000088f00000| Untracked 

Card table byte_map: [0x000002219e730000,0x000002219eb30000] _byte_map_base: 0x000002219e328000

Marking Bits (Prev, Next): (CMBitMap*) 0x0000022186f8e0d8, (CMBitMap*) 0x0000022186f8e118
 Prev Bits: [0x000002219ef30000, 0x00000221a0ef0000)
 Next Bits: [0x00000221a0ef0000, 0x00000221a2eb0000)

Polling page: 0x0000022186710000

Metaspace:

Usage:
  Non-class:     17.90 MB capacity,    17.43 MB ( 97%) used,   404.64 KB (  2%) free+waste,    72.81 KB ( <1%) overhead. 
      Class:      2.73 MB capacity,     2.47 MB ( 90%) used,   235.02 KB (  8%) free+waste,    35.94 KB (  1%) overhead. 
       Both:     20.63 MB capacity,    19.90 MB ( 96%) used,   639.66 KB (  3%) free+waste,   108.75 KB ( <1%) overhead. 

Virtual space:
  Non-class space:       18.00 MB reserved,      18.00 MB (100%) committed 
      Class space:        1.00 GB reserved,       2.75 MB ( <1%) committed 
             Both:        1.02 GB reserved,      20.75 MB (  2%) committed 

Chunk freelists:
   Non-Class:  5.38 KB
       Class:  2.13 KB
        Both:  7.50 KB

CodeHeap 'non-profiled nmethods': size=120064Kb used=1199Kb max_used=1199Kb free=118864Kb
 bounds [0x0000022196df0000, 0x0000022197060000, 0x000002219e330000]
CodeHeap 'profiled nmethods': size=120000Kb used=6205Kb max_used=6205Kb free=113794Kb
 bounds [0x000002218f8c0000, 0x000002218fee0000, 0x0000022196df0000]
CodeHeap 'non-nmethods': size=5696Kb used=1154Kb max_used=1196Kb free=4541Kb
 bounds [0x000002218f330000, 0x000002218f5a0000, 0x000002218f8c0000]
 total_blobs=3934 nmethods=2706 adapters=382
 compilation: enabled
              stopped_count=0, restarted_count=0
 full_count=0

Compilation events (10 events):
Event: 3.803 Thread 0x00000221a53cc000 2853       1       org.springframework.util.ConcurrentReferenceHashMap$Entry::getValue (5 bytes)
Event: 3.803 Thread 0x00000221a53cc000 nmethod 2853 0x0000022196f1b690 code [0x0000022196f1b840, 0x0000022196f1b978]
Event: 3.814 Thread 0x00000221a53cc000 2858       3       org.springframework.util.ConcurrentReferenceHashMap$Segment::findInChain (66 bytes)
Event: 3.814 Thread 0x00000221a53cc000 nmethod 2858 0x000002218fece890 code [0x000002218feceaa0, 0x000002218fecf060]
Event: 3.814 Thread 0x00000221a53cc000 2860       3       org.springframework.beans.factory.annotation.AutowiredAnnotationBeanPostProcessor::findAutowiredAnnotation (63 bytes)
Event: 3.815 Thread 0x00000221a53cc000 nmethod 2860 0x000002218fecf210 code [0x000002218fecf4a0, 0x000002218fed00f0]
Event: 3.815 Thread 0x00000221a53cc000 2859       3       org.springframework.core.annotation.MergedAnnotations::from (8 bytes)
Event: 3.816 Thread 0x00000221a53cc000 nmethod 2859 0x000002218fed0510 code [0x000002218fed0740, 0x000002218fed0e10]
Event: 3.816 Thread 0x00000221a53cc000 2861       1       jdk.internal.reflect.DelegatingMethodAccessorImpl::setDelegate (6 bytes)
Event: 3.816 Thread 0x00000221a53cc000 nmethod 2861 0x0000022196f1ba10 code [0x0000022196f1bbc0, 0x0000022196f1bd38]

GC Heap History (10 events):
Event: 0.655 GC heap after
{Heap after GC invocations=1 (full 0):
 garbage-first heap   total 131072K, used 5430K [0x0000000081000000, 0x0000000100000000)
  region size 1024K, 2 young (2048K), 2 survivors (2048K)
 Metaspace       used 2349K, capacity 5642K, committed 5760K, reserved 1056768K
  class space    used 227K, capacity 542K, committed 640K, reserved 1048576K
}
Event: 0.962 GC heap before
{Heap before GC invocations=1 (full 0):
 garbage-first heap   total 131072K, used 14646K [0x0000000081000000, 0x0000000100000000)
  region size 1024K, 11 young (11264K), 2 survivors (2048K)
 Metaspace       used 4282K, capacity 6715K, committed 6912K, reserved 1056768K
  class space    used 481K, capacity 734K, committed 768K, reserved 1048576K
}
Event: 0.966 GC heap after
{Heap after GC invocations=2 (full 0):
 garbage-first heap   total 131072K, used 6147K [0x0000000081000000, 0x0000000100000000)
  region size 1024K, 1 young (1024K), 1 survivors (1024K)
 Metaspace       used 4282K, capacity 6715K, committed 6912K, reserved 1056768K
  class space    used 481K, capacity 734K, committed 768K, reserved 1048576K
}
Event: 1.560 GC heap before
{Heap before GC invocations=2 (full 0):
 garbage-first heap   total 131072K, used 33795K [0x0000000081000000, 0x0000000100000000)
  region size 1024K, 29 young (29696K), 1 survivors (1024K)
 Metaspace       used 9452K, capacity 10895K, committed 11136K, reserved 1058816K
  class space    used 1159K, capacity 1373K, committed 1408K, reserved 1048576K
}
Event: 1.564 GC heap after
{Heap after GC invocations=3 (full 0):
 garbage-first heap   total 131072K, used 7237K [0x0000000081000000, 0x0000000100000000)
  region size 1024K, 2 young (2048K), 2 survivors (2048K)
 Metaspace       used 9452K, capacity 10895K, committed 11136K, reserved 1058816K
  class space    used 1159K, capacity 1373K, committed 1408K, reserved 1048576K
}
Event: 2.007 GC heap before
{Heap before GC invocations=3 (full 0):
 garbage-first heap   total 131072K, used 48197K [0x0000000081000000, 0x0000000100000000)
  region size 1024K, 43 young (44032K), 2 survivors (2048K)
 Metaspace       used 14349K, capacity 15256K, committed 15360K, reserved 1062912K
  class space    used 1783K, capacity 1954K, committed 2048K, reserved 1048576K
}
Event: 2.014 GC heap after
{Heap after GC invocations=4 (full 0):
 garbage-first heap   total 131072K, used 8355K [0x0000000081000000, 0x0000000100000000)
  region size 1024K, 3 young (3072K), 3 survivors (3072K)
 Metaspace       used 14349K, capacity 15256K, committed 15360K, reserved 1062912K
  class space    used 1783K, capacity 1954K, committed 2048K, reserved 1048576K
}
Event: 2.921 GC heap before
{Heap before GC invocations=4 (full 0):
 garbage-first heap   total 131072K, used 64675K [0x0000000081000000, 0x0000000100000000)
  region size 1024K, 59 young (60416K), 3 survivors (3072K)
 Metaspace       used 17118K, capacity 17796K, committed 17920K, reserved 1064960K
  class space    used 2079K, capacity 2275K, committed 2304K, reserved 1048576K
}
Event: 2.930 GC heap after
{Heap after GC invocations=5 (full 0):
 garbage-first heap   total 131072K, used 9696K [0x0000000081000000, 0x0000000100000000)
  region size 1024K, 4 young (4096K), 4 survivors (4096K)
 Metaspace       used 17118K, capacity 17796K, committed 17920K, reserved 1064960K
  class space    used 2079K, capacity 2275K, committed 2304K, reserved 1048576K
}
Event: 3.817 GC heap before
{Heap before GC invocations=5 (full 0):
 garbage-first heap   total 131072K, used 35296K [0x0000000081000000, 0x0000000100000000)
  region size 1024K, 30 young (30720K), 4 survivors (4096K)
 Metaspace       used 20375K, capacity 21124K, committed 21248K, reserved 1067008K
  class space    used 2528K, capacity 2799K, committed 2816K, reserved 1048576K
}

Deoptimization events (10 events):
Event: 2.674 Thread 0x0000022186f46800 Uncommon trap: reason=class_check action=maybe_recompile pc=0x0000022196e0bf94 method=java.lang.String.equals(Ljava/lang/Object;)Z @ 8 c2
Event: 3.090 Thread 0x0000022186f46800 Uncommon trap: reason=unstable_if action=reinterpret pc=0x0000022196edae14 method=org.springframework.beans.factory.support.AbstractBeanFactory.getMergedLocalBeanDefinition(Ljava/lang/String;)Lorg/springframework/beans/factory/support/RootBeanDefinition; 
Event: 3.105 Thread 0x0000022186f46800 Uncommon trap: reason=unstable_if action=reinterpret pc=0x0000022196ee0ed8 method=org.springframework.beans.factory.support.DefaultSingletonBeanRegistry.getSingleton(Ljava/lang/String;Z)Ljava/lang/Object; @ 20 c2
Event: 3.147 Thread 0x0000022186f46800 Uncommon trap: reason=class_check action=maybe_recompile pc=0x0000022196ee38e4 method=org.springframework.util.ConcurrentReferenceHashMap$Segment.findInChain(Lorg/springframework/util/ConcurrentReferenceHashMap$Reference;Ljava/lang/Object;I)Lorg/springfra
Event: 3.401 Thread 0x0000022186f46800 Uncommon trap: reason=intrinsic_or_type_checked_inlining action=make_not_entrant pc=0x0000022196ee9bec method=java.util.ArrayList.toArray([Ljava/lang/Object;)[Ljava/lang/Object; @ 36 c2
Event: 3.571 Thread 0x0000022186f46800 Uncommon trap: reason=unstable_if action=reinterpret pc=0x0000022196ef7ad0 method=org.springframework.beans.factory.support.AbstractAutowireCapableBeanFactory.predictBeanType(Ljava/lang/String;Lorg/springframework/beans/factory/support/RootBeanDefinition;
Event: 3.596 Thread 0x0000022186f46800 Uncommon trap: reason=unstable_if action=reinterpret pc=0x0000022196edc3bc method=java.util.Arrays.equals([Ljava/lang/Object;[Ljava/lang/Object;)Z @ 44 c2
Event: 3.695 Thread 0x0000022186f46800 Uncommon trap: reason=unstable_if action=reinterpret pc=0x0000022196f0d600 method=org.springframework.beans.factory.support.AbstractAutowireCapableBeanFactory.predictBeanType(Ljava/lang/String;Lorg/springframework/beans/factory/support/RootBeanDefinition;
Event: 3.798 Thread 0x0000022186f46800 Uncommon trap: reason=unstable_if action=reinterpret pc=0x0000022196ee394c method=org.springframework.util.ConcurrentReferenceHashMap$Segment.findInChain(Lorg/springframework/util/ConcurrentReferenceHashMap$Reference;Ljava/lang/Object;I)Lorg/springframewo
Event: 3.798 Thread 0x0000022186f46800 Uncommon trap: reason=unstable_if action=reinterpret pc=0x0000022196ed6314 method=org.springframework.util.ConcurrentReferenceHashMap$Segment.findInChain(Lorg/springframework/util/ConcurrentReferenceHashMap$Reference;Ljava/lang/Object;I)Lorg/springframewo

Classes redefined (0 events):
No events

Internal exceptions (10 events):
Event: 3.670 Thread 0x0000022186f46800 Exception <a 'java/lang/ClassNotFoundException'{0x0000000087b9af40}: org/springframework/beans/factory/AwareCustomizer> (0x0000000087b9af40) thrown at [t:/workspace/open/src/hotspot/share/classfile/systemDictionary.cpp, line 235]
Event: 3.671 Thread 0x0000022186f46800 Exception <a 'java/lang/ClassNotFoundException'{0x0000000087ba5b48}: org/springframework/core/OrderedCustomizer> (0x0000000087ba5b48) thrown at [t:/workspace/open/src/hotspot/share/classfile/systemDictionary.cpp, line 235]
Event: 3.672 Thread 0x0000022186f46800 Exception <a 'java/lang/ClassNotFoundException'{0x0000000087bb3590}: org/springframework/beans/factory/BeanClassLoaderAwareCustomizer> (0x0000000087bb3590) thrown at [t:/workspace/open/src/hotspot/share/classfile/systemDictionary.cpp, line 235]
Event: 3.672 Thread 0x0000022186f46800 Exception <a 'java/lang/ClassNotFoundException'{0x0000000087bbf968}: org/springframework/beans/factory/AwareCustomizer> (0x0000000087bbf968) thrown at [t:/workspace/open/src/hotspot/share/classfile/systemDictionary.cpp, line 235]
Event: 3.673 Thread 0x0000022186f46800 Exception <a 'java/lang/ClassNotFoundException'{0x0000000087bcc870}: org/springframework/aop/framework/AopInfrastructureBeanCustomizer> (0x0000000087bcc870) thrown at [t:/workspace/open/src/hotspot/share/classfile/systemDictionary.cpp, line 235]
Event: 3.774 Thread 0x0000022186f46800 Exception <a 'java/lang/ClassNotFoundException'{0x00000000878d9fa0}: java/lang/ObjectCustomizer> (0x00000000878d9fa0) thrown at [t:/workspace/open/src/hotspot/share/classfile/systemDictionary.cpp, line 235]
Event: 3.776 Thread 0x0000022186f46800 Exception <a 'java/lang/ClassNotFoundException'{0x00000000878ed7c0}: org/springframework/transaction/annotation/AbstractTransactionManagementConfigurationCustomizer> (0x00000000878ed7c0) thrown at [t:/workspace/open/src/hotspot/share/classfile/systemDicti
Event: 3.777 Thread 0x0000022186f46800 Exception <a 'java/lang/ClassNotFoundException'{0x00000000878ffc58}: org/springframework/transaction/annotation/ProxyTransactionManagementConfigurationCustomizer> (0x00000000878ffc58) thrown at [t:/workspace/open/src/hotspot/share/classfile/systemDictiona
Event: 3.778 Thread 0x0000022186f46800 Exception <a 'java/lang/ClassNotFoundException'{0x00000000877109e0}: org/springframework/context/annotation/ImportAwareCustomizer> (0x00000000877109e0) thrown at [t:/workspace/open/src/hotspot/share/classfile/systemDictionary.cpp, line 235]
Event: 3.779 Thread 0x0000022186f46800 Exception <a 'java/lang/ClassNotFoundException'{0x000000008771d2f8}: org/springframework/beans/factory/AwareCustomizer> (0x000000008771d2f8) thrown at [t:/workspace/open/src/hotspot/share/classfile/systemDictionary.cpp, line 235]

Events (10 events):
Event: 3.812 loading class org/springframework/transaction/SavepointManager done
Event: 3.812 loading class org/springframework/transaction/interceptor/TransactionAspectSupport$ReactiveTransactionSupport
Event: 3.812 loading class org/springframework/transaction/interceptor/TransactionAspectSupport$ReactiveTransactionSupport done
Event: 3.815 loading class org/springframework/transaction/interceptor/TransactionAttributeSourcePointcut
Event: 3.815 loading class org/springframework/transaction/interceptor/TransactionAttributeSourcePointcut done
Event: 3.816 loading class org/springframework/aop/support/StaticMethodMatcherPointcut
Event: 3.816 loading class org/springframework/aop/support/StaticMethodMatcherPointcut done
Event: 3.816 loading class org/springframework/aop/support/StaticMethodMatcher
Event: 3.816 loading class org/springframework/aop/support/StaticMethodMatcher done
Event: 3.817 Executing VM operation: CollectForMetadataAllocation


Dynamic libraries:
0x00007ff6c8df0000 - 0x00007ff6c8dff000 	C:\Program Files\Java\jdk-12\bin\javaw.exe
0x00007ffe59770000 - 0x00007ffe59965000 	C:\WINDOWS\SYSTEM32\ntdll.dll
0x00007ffe58080000 - 0x00007ffe5813d000 	C:\WINDOWS\System32\KERNEL32.DLL
0x00007ffe56ee0000 - 0x00007ffe571a7000 	C:\WINDOWS\System32\KERNELBASE.dll
0x00007ffe57290000 - 0x00007ffe57390000 	C:\WINDOWS\System32\ucrtbase.dll
0x00007ffe4af60000 - 0x00007ffe4af78000 	C:\Program Files\Java\jdk-12\bin\jli.dll
0x00007ffe58140000 - 0x00007ffe581ea000 	C:\WINDOWS\System32\ADVAPI32.dll
0x00007ffe58a40000 - 0x00007ffe58ade000 	C:\WINDOWS\System32\msvcrt.dll
0x00007ffe57e40000 - 0x00007ffe57edb000 	C:\WINDOWS\System32\sechost.dll
0x00007ffe579b0000 - 0x00007ffe57ad4000 	C:\WINDOWS\System32\RPCRT4.dll
0x00007ffe57ee0000 - 0x00007ffe58080000 	C:\WINDOWS\System32\USER32.dll
0x00007ffe57390000 - 0x00007ffe573b2000 	C:\WINDOWS\System32\win32u.dll
0x00007ffe57920000 - 0x00007ffe5794a000 	C:\WINDOWS\System32\GDI32.dll
0x00007ffe576c0000 - 0x00007ffe577c9000 	C:\WINDOWS\System32\gdi32full.dll
0x00007ffe575d0000 - 0x00007ffe5766d000 	C:\WINDOWS\System32\msvcp_win.dll
0x00007ffe526a0000 - 0x00007ffe526b6000 	C:\Program Files\Java\jdk-12\bin\VCRUNTIME140.dll
0x00007ffe488f0000 - 0x00007ffe48b8b000 	C:\WINDOWS\WinSxS\amd64_microsoft.windows.common-controls_6595b64144ccf1df_6.0.19041.488_none_ca04af081b815d21\COMCTL32.dll
0x00007ffe501e0000 - 0x00007ffe501ea000 	C:\WINDOWS\SYSTEM32\VERSION.dll
0x00007ffe582c0000 - 0x00007ffe582f0000 	C:\WINDOWS\System32\IMM32.DLL
0x00007ffe44e20000 - 0x00007ffe44f28000 	C:\Program Files (x86)\Citrix\ICA Client\epclient64.dll
0x00007ffe55c00000 - 0x00007ffe55c33000 	C:\WINDOWS\SYSTEM32\ntmarta.dll
0x00007ffe56eb0000 - 0x00007ffe56ed7000 	C:\WINDOWS\System32\bcrypt.dll
0x00007ffe57210000 - 0x00007ffe5728f000 	C:\WINDOWS\System32\bcryptprimitives.dll
0x00007ffe33fa0000 - 0x00007ffe3404a000 	C:\Program Files\Java\jdk-12\bin\msvcp140.dll
0x00007ffe18960000 - 0x00007ffe194d4000 	C:\Program Files\Java\jdk-12\bin\server\jvm.dll
0x00007ffe59720000 - 0x00007ffe59728000 	C:\WINDOWS\System32\PSAPI.DLL
0x00007ffe46d90000 - 0x00007ffe46d99000 	C:\WINDOWS\SYSTEM32\WSOCK32.dll
0x00007ffe58b60000 - 0x00007ffe58bcb000 	C:\WINDOWS\System32\WS2_32.dll
0x00007ffe4a0d0000 - 0x00007ffe4a0f7000 	C:\WINDOWS\SYSTEM32\WINMM.dll
0x00007ffe557f0000 - 0x00007ffe55803000 	C:\WINDOWS\SYSTEM32\kernel.appcore.dll
0x00007ffe51df0000 - 0x00007ffe51e01000 	C:\Program Files\Java\jdk-12\bin\verify.dll
0x00007ffe55300000 - 0x00007ffe554e4000 	C:\WINDOWS\SYSTEM32\DBGHELP.DLL
0x00007ffe46dd0000 - 0x00007ffe46dfc000 	C:\WINDOWS\SYSTEM32\dbgcore.DLL
0x00007ffe4af80000 - 0x00007ffe4afa6000 	C:\Program Files\Java\jdk-12\bin\java.dll
0x00007ffe4af40000 - 0x00007ffe4af57000 	C:\Program Files\Java\jdk-12\bin\zip.dll
0x00007ffe505c0000 - 0x00007ffe505ca000 	C:\Program Files\Java\jdk-12\bin\jimage.dll
0x00000221a5cf0000 - 0x00000221a6431000 	C:\WINDOWS\System32\SHELL32.dll
0x00007ffe54a90000 - 0x00007ffe55223000 	C:\WINDOWS\SYSTEM32\windows.storage.dll
0x00000221a6440000 - 0x00000221a6795000 	C:\WINDOWS\System32\combase.dll
0x00007ffe56920000 - 0x00007ffe5694c000 	C:\WINDOWS\SYSTEM32\Wldp.dll
0x00007ffe58bd0000 - 0x00007ffe58c7e000 	C:\WINDOWS\System32\SHCORE.dll
0x00007ffe58f10000 - 0x00007ffe58f65000 	C:\WINDOWS\System32\shlwapi.dll
0x00007ffe56de0000 - 0x00007ffe56e06000 	C:\WINDOWS\SYSTEM32\profapi.dll
0x00007ffe4af20000 - 0x00007ffe4af39000 	C:\Program Files\Java\jdk-12\bin\net.dll
0x00007ffe4e160000 - 0x00007ffe4e260000 	C:\WINDOWS\SYSTEM32\WINHTTP.dll
0x00007ffe44f30000 - 0x00007ffe4511d000 	C:\WINDOWS\SYSTEM32\urlmon.dll
0x00007ffe44b70000 - 0x00007ffe44e1f000 	C:\WINDOWS\SYSTEM32\iertutil.dll
0x00007ffe566a0000 - 0x00007ffe5670a000 	C:\WINDOWS\system32\mswsock.dll
0x00007ffe4ad80000 - 0x00007ffe4ad93000 	C:\Program Files\Java\jdk-12\bin\nio.dll
0x00007ffe52690000 - 0x00007ffe52699000 	C:\Program Files\Java\jdk-12\bin\management.dll
0x00007ffe52680000 - 0x00007ffe5268c000 	C:\Program Files\Java\jdk-12\bin\management_ext.dll
0x00007ffe505d0000 - 0x00007ffe505e7000 	C:\WINDOWS\system32\napinsp.dll
0x00007ffe3bc50000 - 0x00007ffe3bc6b000 	C:\WINDOWS\system32\pnrpnsp.dll
0x00007ffe34c40000 - 0x00007ffe34c55000 	C:\WINDOWS\system32\wshbth.dll
0x00007ffe52550000 - 0x00007ffe5256d000 	C:\WINDOWS\system32\NLAapi.dll
0x00007ffe56340000 - 0x00007ffe5637b000 	C:\WINDOWS\SYSTEM32\IPHLPAPI.DLL
0x00007ffe56390000 - 0x00007ffe5645b000 	C:\WINDOWS\SYSTEM32\DNSAPI.dll
0x00007ffe59710000 - 0x00007ffe59719000 	C:\WINDOWS\System32\NSI.dll
0x00007ffe3b9b0000 - 0x00007ffe3b9c2000 	C:\WINDOWS\System32\winrnr.dll
0x00007ffe4dba0000 - 0x00007ffe4dbaa000 	C:\Windows\System32\rasadhlp.dll
0x00007ffe48d40000 - 0x00007ffe48dbf000 	C:\WINDOWS\System32\fwpuclnt.dll

dbghelp: loaded successfully - version: 4.0.5 - missing functions: none
symbol engine: initialized successfully - sym options: 0x614 - pdb path: .;C:\Program Files\Java\jdk-12\bin;C:\WINDOWS\SYSTEM32;C:\WINDOWS\WinSxS\amd64_microsoft.windows.common-controls_6595b64144ccf1df_6.0.19041.488_none_ca04af081b815d21;C:\Program Files (x86)\Citrix\ICA Client;C:\Program Files\Java\jdk-12\bin\server

VM Arguments:
jvm_args: -Dfile.encoding=UTF-8 
java_command: com.employee.PayPayBackendApplication
java_class_path (initial): C:\PayPay_Project\PayPay_FullStackProject\backend\PayPay-Backend\target\classes;C:\Users\ambe_\.m2\repository\org\springframework\boot\spring-boot-starter-data-jpa\2.3.4.RELEASE\spring-boot-starter-data-jpa-2.3.4.RELEASE.jar;C:\Users\ambe_\.m2\repository\org\springframework\boot\spring-boot-starter-aop\2.3.4.RELEASE\spring-boot-starter-aop-2.3.4.RELEASE.jar;C:\Users\ambe_\.m2\repository\org\springframework\spring-aop\5.2.9.RELEASE\spring-aop-5.2.9.RELEASE.jar;C:\Users\ambe_\.m2\repository\org\aspectj\aspectjweaver\1.9.6\aspectjweaver-1.9.6.jar;C:\Users\ambe_\.m2\repository\org\springframework\boot\spring-boot-starter-jdbc\2.3.4.RELEASE\spring-boot-starter-jdbc-2.3.4.RELEASE.jar;C:\Users\ambe_\.m2\repository\com\zaxxer\HikariCP\3.4.5\HikariCP-3.4.5.jar;C:\Users\ambe_\.m2\repository\org\springframework\spring-jdbc\5.2.9.RELEASE\spring-jdbc-5.2.9.RELEASE.jar;C:\Users\ambe_\.m2\repository\jakarta\transaction\jakarta.transaction-api\1.3.3\jakarta.transaction-api-1.3.3.jar;C:\Users\ambe_\.m2\repository\jakarta\persistence\jakarta.persistence-api\2.2.3\jakarta.persistence-api-2.2.3.jar;C:\Users\ambe_\.m2\repository\org\hibernate\hibernate-core\5.4.21.Final\hibernate-core-5.4.21.Final.jar;C:\Users\ambe_\.m2\repository\org\jboss\logging\jboss-logging\3.4.1.Final\jboss-logging-3.4.1.Final.jar;C:\Users\ambe_\.m2\repository\org\javassist\javassist\3.24.0-GA\javassist-3.24.0-GA.jar;C:\Users\ambe_\.m2\repository\net\bytebuddy\byte-buddy\1.10.14\byte-buddy-1.10.14.jar;C:\Users\ambe_\.m2\repository\antlr\antlr\2.7.7\antlr-2.7.7.jar;C:\Users\ambe_\.m2\repository\org\jboss\jandex\2.1.3.Final\jandex-2.1.3.Final.jar;C:\Users\ambe_\.m2\repository\com\fasterxml\classmate\1.5.1\classmate-1.5.1.jar;C:\Users\ambe_\.m2\repository\org\dom4j\dom4j\2.1.3\dom4j-2.1.3.jar;C:\Users\ambe_\.m2\repository\org\hibernate\common\hibernate-commons-annotations\5.1.0.Final\hibernate-commons-annotations-5.1.0.Final.jar;C:\Users\ambe_\.m2\repository\org\glassfish\jaxb\jaxb-runtim
Launcher Type: SUN_STANDARD

[Global flags]
     intx CICompilerCount                          = 3                                         {product} {ergonomic}
     uint ConcGCThreads                            = 1                                         {product} {ergonomic}
     uint G1ConcRefinementThreads                  = 4                                         {product} {ergonomic}
   size_t G1HeapRegionSize                         = 1048576                                   {product} {ergonomic}
    uintx GCDrainStackTargetSize                   = 64                                        {product} {ergonomic}
   size_t InitialHeapSize                          = 134217728                                 {product} {ergonomic}
   size_t MarkStackSize                            = 4194304                                   {product} {ergonomic}
   size_t MaxHeapSize                              = 2130706432                                {product} {ergonomic}
   size_t MaxNewSize                               = 1278214144                                {product} {ergonomic}
   size_t MinHeapDeltaBytes                        = 1048576                                   {product} {ergonomic}
    uintx NonNMethodCodeHeapSize                   = 5830732                                {pd product} {ergonomic}
    uintx NonProfiledCodeHeapSize                  = 122913754                              {pd product} {ergonomic}
    uintx ProfiledCodeHeapSize                     = 122913754                              {pd product} {ergonomic}
    uintx ReservedCodeCacheSize                    = 251658240                              {pd product} {ergonomic}
     bool SegmentedCodeCache                       = true                                      {product} {ergonomic}
     bool UseCompressedClassPointers               = true                                 {lp64_product} {ergonomic}
     bool UseCompressedOops                        = true                                 {lp64_product} {ergonomic}
     bool UseG1GC                                  = true                                      {product} {ergonomic}
     bool UseLargePagesIndividualAllocation        = false                                  {pd product} {ergonomic}

Logging:
Log output configuration:
 #0: stdout all=warning uptime,level,tags
 #1: stderr all=off uptime,level,tags

Environment Variables:
PATH=C:/Program Files/Java/jdk-12/bin/server;C:/Program Files/Java/jdk-12/bin;C:\WINDOWS\system32;C:\WINDOWS;C:\WINDOWS\System32\Wbem;C:\WINDOWS\System32\WindowsPowerShell\v1.0\;C:\WINDOWS\System32\OpenSSH\;C:\Program Files\Java\jdk-12\bin;C:\Users\ambe_\Downloads\apache-maven-3.6.3\bin;C:\Program Files\Git\cmd;C:\Program Files\TortoiseGit\bin;C:\Program Files\nodejs\;C:\Users\ambe_\Anaconda3;C:\Users\ambe_\Anaconda3\Library\mingw-w64\bin;C:\Users\ambe_\Anaconda3\Library\usr\bin;C:\Users\ambe_\Anaconda3\Library\bin;C:\Users\ambe_\Anaconda3\Scripts;C:\Users\ambe_\AppData\Local\Microsoft\WindowsApps;C:\Users\ambe_\AppData\Roaming\npm;;C:\Softwares\sts-bundle\sts-3.9.11.RELEASE;
USERNAME=ambe_
OS=Windows_NT
PROCESSOR_IDENTIFIER=Intel64 Family 6 Model 69 Stepping 1, GenuineIntel



---------------  S Y S T E M  ---------------

OS: Windows 10 , 64 bit Build 19041 (10.0.19041.292)

CPU:total 4 (initial active 4) (2 cores per cpu, 2 threads per core) family 6 model 69 stepping 1, cmov, cx8, fxsr, mmx, sse, sse2, sse3, ssse3, sse4.1, sse4.2, popcnt, avx, avx2, aes, clmul, erms, lzcnt, ht, tsc, tscinvbit, bmi1, bmi2, fma

Memory: 4k page, system-wide physical 8122M (1271M free)
TotalPageFile size 8122M (AvailPageFile size 17M)
current process WorkingSet (physical memory assigned to process): 157M, peak: 159M
current process commit charge ("private bytes"): 248M, peak: 274M

vm_info: Java HotSpot(TM) 64-Bit Server VM (12+33) for windows-amd64 JRE (12+33), built on Feb 21 2019 02:31:50 by "mach5one" with MS VC++ 15.5 (VS2017)

END.
